#
# There is insufficient memory for the Java Runtime Environment to continue.
# Native memory allocation (mmap) failed to map 536870912 bytes. Error detail: G1 virtual space
# Possible reasons:
#   The system is out of physical RAM or swap space
#   This process is running with CompressedOops enabled, and the Java Heap may be blocking the growth of the native heap
# Possible solutions:
#   Reduce memory load on the system
#   Increase physical memory or swap space
#   Check if swap backing store is full
#   Decrease Java heap size (-Xmx/-Xms)
#   Decrease number of Java threads
#   Decrease Java thread stack sizes (-Xss)
#   Set larger code cache with -XX:ReservedCodeCacheSize=
#   JVM is running with Unscaled Compressed Oops mode in which the Java heap is
#     placed in the first 4GB address space. The Java Heap base address is the
#     maximum limit for the native heap growth. Please use -XX:HeapBaseMinAddress
#     to set the Java Heap base and to place the Java Heap above 4GB virtual address.
# This output file may be truncated or incomplete.
#
#  Out of Memory Error (os_windows.cpp:3613), pid=106616, tid=56536
#
# JRE version:  (17.0.11+1) (build )
# Java VM: OpenJDK 64-Bit Server VM (17.0.11+1-LTS, mixed mode, sharing, tiered, compressed oops, compressed class ptrs, g1 gc, windows-amd64)
# No core dump will be written. Minidumps are not enabled by default on client versions of Windows
#

---------------  S U M M A R Y ------------

Command Line: -Xms512m -Xmx512m -XX:+UseG1GC -Xlog:gc* -XX:MaxGCPauseMillis=50 -XX:InitiatingHeapOccupancyPercent=30 -javaagent:D:\Program Files\JetBrains\IntelliJ IDEA 2023.2.2\lib\idea_rt.jar=53242:D:\Program Files\JetBrains\IntelliJ IDEA 2023.2.2\bin -Dfile.encoding=UTF-8 G1GCDemo -javaagent:D:\Program Files\JetBrains\IntelliJ IDEA 2023.2.2\lib\idea_rt.jar=53092:D:\Program Files\JetBrains\IntelliJ IDEA 2023.2.2\bin G1GCDemo

Host: AMD Ryzen 7 6800H with Radeon Graphics         , 16 cores, 15G,  Windows 11 , 64 bit Build 22621 (10.0.22621.3672)
Time: Sun Jun 30 18:04:06 2024  Windows 11 , 64 bit Build 22621 (10.0.22621.3672) elapsed time: 0.044953 seconds (0d 0h 0m 0s)

---------------  T H R E A D  ---------------

Current thread (0x000001c726550730):  JavaThread "Unknown thread" [_thread_in_vm, id=56536, stack(0x000000c0e2a00000,0x000000c0e2b00000)]

Stack: [0x000000c0e2a00000,0x000000c0e2b00000]
Native frames: (J=compiled Java code, j=interpreted, Vv=VM code, C=native code)
V  [jvm.dll+0x67d429]
V  [jvm.dll+0x834b7a]
V  [jvm.dll+0x83663e]
V  [jvm.dll+0x836ca3]
V  [jvm.dll+0x247dbf]
V  [jvm.dll+0x67a269]
V  [jvm.dll+0x66ecda]
V  [jvm.dll+0x30797b]
V  [jvm.dll+0x30ee26]
V  [jvm.dll+0x35e80e]
V  [jvm.dll+0x35ea3f]
V  [jvm.dll+0x2de6b8]
V  [jvm.dll+0x2df624]
V  [jvm.dll+0x806531]
V  [jvm.dll+0x36c561]
V  [jvm.dll+0x7e4f56]
V  [jvm.dll+0x3efdcf]
V  [jvm.dll+0x3f1921]
C  [jli.dll+0x528f]
C  [ucrtbase.dll+0x29333]
C  [KERNEL32.DLL+0x1257d]
C  [ntdll.dll+0x5af28]


---------------  P R O C E S S  ---------------

Threads class SMR info:
_java_thread_list=0x00007ffbc882eed8, length=0, elements={
}

Java Threads: ( => current thread )

Other Threads:
  0x000001c72657e960 GCTaskThread "GC Thread#0" [stack: 0x000000c0e2b00000,0x000000c0e2c00000] [id=27684]
  0x000001c7265848c0 ConcurrentGCThread "G1 Main Marker" [stack: 0x000000c0e2c00000,0x000000c0e2d00000] [id=106572]
  0x000001c726585a80 ConcurrentGCThread "G1 Conc#0" [stack: 0x000000c0e2d00000,0x000000c0e2e00000] [id=70128]

[error occurred during error reporting (printing all threads), id 0xc0000005, EXCEPTION_ACCESS_VIOLATION (0xc0000005) at pc=0x00007ffbc7fef0f7]

VM state: not at safepoint (not fully initialized)

VM Mutex/Monitor currently owned by a thread:  ([mutex/lock_event])
[0x000001c72654bba0] Heap_lock - owner thread: 0x000001c726550730

Heap address: 0x00000000e0000000, size: 512 MB, Compressed Oops mode: 32-bit

CDS archive(s) mapped at: [0x0000000000000000-0x0000000000000000-0x0000000000000000), size 0, SharedBaseAddress: 0x0000000800000000, ArchiveRelocationMode: 1.
Narrow klass base: 0x0000000000000000, Narrow klass shift: 0, Narrow klass range: 0x0

GC Precious Log:
<Empty>

Heap:
 garbage-first heap   total 0K, used 0K [0x00000000e0000000, 0x0000000100000000)
  region size 1024K, 0 young (0K), 0 survivors (0K)

[error occurred during error reporting (printing heap information), id 0xc0000005, EXCEPTION_ACCESS_VIOLATION (0xc0000005) at pc=0x00007ffbc83d70c9]

GC Heap History (0 events):
No events

Dll operation events (1 events):
Event: 0.040 Loaded shared library D:\Program Files\Java\TencentKona-17.0.11.b1\bin\java.dll

Deoptimization events (0 events):
No events

Classes unloaded (0 events):
No events

Classes redefined (0 events):
No events

Internal exceptions (0 events):
No events

VM Operations (0 events):
No events

Events (0 events):
No events


Dynamic libraries:
0x00007ff7125b0000 - 0x00007ff7125be000 	D:\Program Files\Java\TencentKona-17.0.11.b1\bin\java.exe
0x00007ffc488b0000 - 0x00007ffc48ac7000 	C:\Windows\SYSTEM32\ntdll.dll
0x00007ffc47880000 - 0x00007ffc47944000 	C:\Windows\System32\KERNEL32.DLL
0x00007ffc45e60000 - 0x00007ffc4620c000 	C:\Windows\System32\KERNELBASE.dll
0x00007ffc462c0000 - 0x00007ffc463d1000 	C:\Windows\System32\ucrtbase.dll
0x00007ffc2f5f0000 - 0x00007ffc2f607000 	D:\Program Files\Java\TencentKona-17.0.11.b1\bin\jli.dll
0x00007ffc2f5d0000 - 0x00007ffc2f5eb000 	D:\Program Files\Java\TencentKona-17.0.11.b1\bin\VCRUNTIME140.dll
0x00007ffc486c0000 - 0x00007ffc4886e000 	C:\Windows\System32\USER32.dll
0x00007ffc32420000 - 0x00007ffc326b3000 	C:\Windows\WinSxS\amd64_microsoft.windows.common-controls_6595b64144ccf1df_6.0.22621.3672_none_2713b9d173822955\COMCTL32.dll
0x00007ffc45dc0000 - 0x00007ffc45de6000 	C:\Windows\System32\win32u.dll
0x00007ffc46900000 - 0x00007ffc469a7000 	C:\Windows\System32\msvcrt.dll
0x00007ffc46f60000 - 0x00007ffc46f89000 	C:\Windows\System32\GDI32.dll
0x00007ffc45be0000 - 0x00007ffc45cf9000 	C:\Windows\System32\gdi32full.dll
0x00007ffc463e0000 - 0x00007ffc4647a000 	C:\Windows\System32\msvcp_win.dll
0x00007ffc46710000 - 0x00007ffc46741000 	C:\Windows\System32\IMM32.DLL
0x00007ffc31860000 - 0x00007ffc3186c000 	D:\Program Files\Java\TencentKona-17.0.11.b1\bin\vcruntime140_1.dll
0x00007ffc091d0000 - 0x00007ffc0925d000 	D:\Program Files\Java\TencentKona-17.0.11.b1\bin\msvcp140.dll
0x00007ffbc7d00000 - 0x00007ffbc8962000 	D:\Program Files\Java\TencentKona-17.0.11.b1\bin\server\jvm.dll
0x00007ffc48320000 - 0x00007ffc483d2000 	C:\Windows\System32\ADVAPI32.dll
0x00007ffc46e90000 - 0x00007ffc46f3a000 	C:\Windows\System32\sechost.dll
0x00007ffc46290000 - 0x00007ffc462b8000 	C:\Windows\System32\bcrypt.dll
0x00007ffc467e0000 - 0x00007ffc468f5000 	C:\Windows\System32\RPCRT4.dll
0x00007ffc344d0000 - 0x00007ffc344d9000 	C:\Windows\SYSTEM32\WSOCK32.dll
0x00007ffc402c0000 - 0x00007ffc402f4000 	C:\Windows\SYSTEM32\WINMM.dll
0x00007ffc45aa0000 - 0x00007ffc45aed000 	C:\Windows\SYSTEM32\POWRPROF.dll
0x00007ffc46750000 - 0x00007ffc467c1000 	C:\Windows\System32\WS2_32.dll
0x00007ffc3b350000 - 0x00007ffc3b35a000 	C:\Windows\SYSTEM32\VERSION.dll
0x00007ffc459d0000 - 0x00007ffc459e3000 	C:\Windows\SYSTEM32\UMPDC.dll
0x00007ffc44c10000 - 0x00007ffc44c28000 	C:\Windows\SYSTEM32\kernel.appcore.dll
0x00007ffc2f290000 - 0x00007ffc2f29a000 	D:\Program Files\Java\TencentKona-17.0.11.b1\bin\jimage.dll
0x00007ffc43450000 - 0x00007ffc43682000 	C:\Windows\SYSTEM32\DBGHELP.DLL
0x00007ffc47d20000 - 0x00007ffc480a8000 	C:\Windows\System32\combase.dll
0x00007ffc48220000 - 0x00007ffc482f7000 	C:\Windows\System32\OLEAUT32.dll
0x00007ffc3f920000 - 0x00007ffc3f952000 	C:\Windows\SYSTEM32\dbgcore.DLL
0x00007ffc46210000 - 0x00007ffc4628b000 	C:\Windows\System32\bcryptPrimitives.dll
0x00007ffc342d0000 - 0x00007ffc342de000 	D:\Program Files\Java\TencentKona-17.0.11.b1\bin\instrument.dll
0x00007ffc2ed40000 - 0x00007ffc2ed65000 	D:\Program Files\Java\TencentKona-17.0.11.b1\bin\java.dll

dbghelp: loaded successfully - version: 4.0.5 - missing functions: none
symbol engine: initialized successfully - sym options: 0x614 - pdb path: .;D:\Program Files\Java\TencentKona-17.0.11.b1\bin;C:\Windows\SYSTEM32;C:\Windows\WinSxS\amd64_microsoft.windows.common-controls_6595b64144ccf1df_6.0.22621.3672_none_2713b9d173822955;D:\Program Files\Java\TencentKona-17.0.11.b1\bin\server

VM Arguments:
jvm_args: -Xms512m -Xmx512m -XX:+UseG1GC -Xlog:gc* -XX:MaxGCPauseMillis=50 -XX:InitiatingHeapOccupancyPercent=30 -javaagent:D:\Program Files\JetBrains\IntelliJ IDEA 2023.2.2\lib\idea_rt.jar=53242:D:\Program Files\JetBrains\IntelliJ IDEA 2023.2.2\bin -Dfile.encoding=UTF-8 
java_command: G1GCDemo -javaagent:D:\Program Files\JetBrains\IntelliJ IDEA 2023.2.2\lib\idea_rt.jar=53092:D:\Program Files\JetBrains\IntelliJ IDEA 2023.2.2\bin G1GCDemo
java_class_path (initial): D:\AAComputerCourse\AACode\G1\target\classes
Launcher Type: SUN_STANDARD

[Global flags]
     intx CICompilerCount                          = 12                                        {product} {ergonomic}
     uint ConcGCThreads                            = 3                                         {product} {ergonomic}
     uint G1ConcRefinementThreads                  = 13                                        {product} {ergonomic}
   size_t G1HeapRegionSize                         = 1048576                                   {product} {ergonomic}
    uintx GCDrainStackTargetSize                   = 64                                        {product} {ergonomic}
   size_t InitialHeapSize                          = 536870912                                 {product} {command line}
    uintx InitiatingHeapOccupancyPercent           = 30                                        {product} {command line}
   size_t MarkStackSize                            = 4194304                                   {product} {ergonomic}
    uintx MaxGCPauseMillis                         = 50                                        {product} {command line}
   size_t MaxHeapSize                              = 536870912                                 {product} {command line}
   size_t MinHeapDeltaBytes                        = 1048576                                   {product} {ergonomic}
   size_t MinHeapSize                              = 536870912                                 {product} {command line}
    uintx NonNMethodCodeHeapSize                   = 7602480                                {pd product} {ergonomic}
    uintx NonProfiledCodeHeapSize                  = 122027880                              {pd product} {ergonomic}
    uintx ProfiledCodeHeapSize                     = 122027880                              {pd product} {ergonomic}
    uintx ReservedCodeCacheSize                    = 251658240                              {pd product} {ergonomic}
     bool SegmentedCodeCache                       = true                                      {product} {ergonomic}
   size_t SoftMaxHeapSize                          = 536870912                              {manageable} {ergonomic}
     bool UseCompressedClassPointers               = true                           {product lp64_product} {ergonomic}
     bool UseCompressedOops                        = true                           {product lp64_product} {ergonomic}
     bool UseG1GC                                  = true                                      {product} {command line}
     bool UseLargePagesIndividualAllocation        = false                                  {pd product} {ergonomic}

Logging:
Log output configuration:
 #0: stdout all=warning,gc*=info uptime,level,tags (reconfigured)
 #1: stderr all=off uptime,level,tags

Environment Variables:
JAVA_HOME=D:\Program Files\Java\jdk-11
PATH=D:\Program Files\Java\jdk-11\bin\;D:\Vmware\bin\;C:\Program Files\Common Files\Oracle\Java\javapath;C:\Program Files (x86)\Common Files\Oracle\Java\javapath;C:\Windows\system32;C:\Windows;C:\Windows\System32\Wbem;C:\Windows\System32\WindowsPowerShell\v1.0\;C:\Windows\System32\OpenSSH\;D:\Program Files\MySQL\MySQL Server 8.0\bin;C:\Program Files\dotnet\;D:\Windows Kits\10\Windows Performance Toolkit\;D:\StudySoftware\apache-maven-3.9.6\bin;D:\Git\cmd;D:\bin;D:\StudySoftware\微信web开发者工具\dll;D:\StudySoftware\apache-jmeter-5.6.3\lib\ext\ApacheJMeter_core.jar;D:\StudySoftware\apache-jmeter-5.6.3\lib\jorphan.jar;D:\StudySoftware\apache-jmeter-5.6.3\lib\logkit-2.0.jar;D:\StudySoftware\node.js\node_global\node_modules;D:\StudySoftware\node.js\node_global\node_modules\yarn\bin;D:\StudySoftware\node.js\node_global\node_modules\cnpm\bin;D:\StudySoftware\node.js\;D:\AAComputerCourse\go\bin;C:\Users\16270\AppData\Local\Programs\Python\Python311\Scripts\;C:\Users\16270\AppData\Local\Programs\Python\Python311\;C:\Users\16270\AppData\Local\Microsoft\WindowsApps;C:\Users\16270\AppData\Local\Programs\Microsoft VS Code\bin;D:\Program Files\Java\jdk-21\bin;C:\Users\16270\.dotnet\tools;D:\DevEco Studio\bin;;D:\Program Files\Java\jdk-11\bin;D:\StudySoftware\;C:\Users\16270\AppData\Local\GitHubDesktop\bin;D:\StudySoftware\node.js\node_global;C:\Users\16270\AppData\Roaming\npm;C:\Users\16270\go\bin;D:\StudySoftware\GoLand 2024.1.3\bin;
USERNAME=16270
OS=Windows_NT
PROCESSOR_IDENTIFIER=AMD64 Family 25 Model 68 Stepping 1, AuthenticAMD
TMP=C:\Users\16270\AppData\Local\Temp
TEMP=C:\Users\16270\AppData\Local\Temp



Periodic native trim disabled


---------------  S Y S T E M  ---------------

OS:
 Windows 11 , 64 bit Build 22621 (10.0.22621.3672)
OS uptime: 3 days 4:58 hours

CPU: total 16 (initial active 16) (16 cores per cpu, 2 threads per core) family 25 model 68 stepping 1 microcode 0x0, cx8, cmov, fxsr, ht, mmx, 3dnowpref, sse, sse2, sse3, ssse3, sse4a, sse4.1, sse4.2, popcnt, lzcnt, tsc, tscinvbit, avx, avx2, aes, clmul, bmi1, bmi2, adx, sha, fma, vzeroupper, clflush, clflushopt
Processor Information for processor 0
  Max Mhz: 3201, Current Mhz: 1989, Mhz Limit: 3201
Processor Information for processor 1
  Max Mhz: 3201, Current Mhz: 1989, Mhz Limit: 3201
Processor Information for processor 2
  Max Mhz: 3201, Current Mhz: 3201, Mhz Limit: 3201
Processor Information for processor 3
  Max Mhz: 3201, Current Mhz: 1989, Mhz Limit: 3201
Processor Information for processor 4
  Max Mhz: 3201, Current Mhz: 3201, Mhz Limit: 3201
Processor Information for processor 5
  Max Mhz: 3201, Current Mhz: 1989, Mhz Limit: 3201
Processor Information for processor 6
  Max Mhz: 3201, Current Mhz: 3201, Mhz Limit: 3201
Processor Information for processor 7
  Max Mhz: 3201, Current Mhz: 1989, Mhz Limit: 3201
Processor Information for processor 8
  Max Mhz: 3201, Current Mhz: 1989, Mhz Limit: 3201
Processor Information for processor 9
  Max Mhz: 3201, Current Mhz: 1989, Mhz Limit: 3201
Processor Information for processor 10
  Max Mhz: 3201, Current Mhz: 3201, Mhz Limit: 3201
Processor Information for processor 11
  Max Mhz: 3201, Current Mhz: 3201, Mhz Limit: 3201
Processor Information for processor 12
  Max Mhz: 3201, Current Mhz: 1989, Mhz Limit: 3201
Processor Information for processor 13
  Max Mhz: 3201, Current Mhz: 1989, Mhz Limit: 3201
Processor Information for processor 14
  Max Mhz: 3201, Current Mhz: 1989, Mhz Limit: 3201
Processor Information for processor 15
  Max Mhz: 3201, Current Mhz: 1989, Mhz Limit: 3201

Memory: 4k page, system-wide physical 15556M (811M free)
TotalPageFile size 34306M (AvailPageFile size 312M)
current process WorkingSet (physical memory assigned to process): 12M, peak: 12M
current process commit charge ("private bytes"): 70M, peak: 582M

vm_info: OpenJDK 64-Bit Server VM (17.0.11+1-LTS) for windows-amd64 JRE (17.0.11+1-LTS), built on Apr 23 2024 20:11:53 by "" with MS VC++ 16.10 / 16.11 (VS2019)

END.
